[0m13:56:31.315084 [debug] [MainThread]: Sending event: {'category': 'dbt', 'action': 'invocation', 'label': 'start', 'context': [<snowplow_tracker.self_describing_json.SelfDescribingJson object at 0x000001A1F05FD5E0>, <snowplow_tracker.self_describing_json.SelfDescribingJson object at 0x000001A1F052C650>, <snowplow_tracker.self_describing_json.SelfDescribingJson object at 0x000001A1F052D400>]}


============================== 13:56:31.326525 | 77053fce-b050-4023-9046-76f1a1044b18 ==============================
[0m13:56:31.326525 [info ] [MainThread]: Running with dbt=1.9.2
[0m13:56:31.327546 [debug] [MainThread]: running dbt with arguments {'printer_width': '80', 'indirect_selection': 'eager', 'log_cache_events': 'False', 'write_json': 'True', 'partial_parse': 'True', 'cache_selected_only': 'False', 'warn_error': 'None', 'fail_fast': 'False', 'profiles_dir': 'C:\\Users\\1268545\\.dbt', 'log_path': 'logs', 'version_check': 'True', 'debug': 'False', 'use_colors': 'True', 'use_experimental_parser': 'False', 'no_print': 'None', 'quiet': 'False', 'empty': 'None', 'log_format': 'default', 'static_parser': 'True', 'warn_error_options': 'WarnErrorOptions(include=[], exclude=[])', 'introspect': 'True', 'target_path': 'None', 'invocation_command': 'dbt init bigquery', 'send_anonymous_usage_stats': 'True'}
[0m13:56:31.487870 [debug] [MainThread]: Starter project path: C:\Users\1268545\Documents\learning_Data_Engineering\kafka_project\venv\Lib\site-packages\dbt\include\starter_project
[0m13:56:31.763917 [info ] [MainThread]: 
Your new dbt project "bigquery" was created!

For more information on how to configure the profiles.yml file,
please consult the dbt documentation here:

  https://docs.getdbt.com/docs/configure-your-profile

One more thing:

Need help? Don't hesitate to reach out to us via GitHub issues or on Slack:

  https://community.getdbt.com/

Happy modeling!

[0m13:56:31.764925 [info ] [MainThread]: Setting up your profile.
[0m13:57:44.763524 [info ] [MainThread]: Profile bigquery written to C:\Users\1268545\.dbt\profiles.yml using target's profile_template.yml and your supplied values. Run 'dbt debug' to validate the connection.
[0m13:57:44.765529 [debug] [MainThread]: Command `dbt init` succeeded at 13:57:44.765529 after 73.70 seconds
[0m13:57:44.767835 [debug] [MainThread]: Sending event: {'category': 'dbt', 'action': 'invocation', 'label': 'end', 'context': [<snowplow_tracker.self_describing_json.SelfDescribingJson object at 0x000001A1EFE616D0>, <snowplow_tracker.self_describing_json.SelfDescribingJson object at 0x000001A1F0493F80>, <snowplow_tracker.self_describing_json.SelfDescribingJson object at 0x000001A1EFE42DE0>]}
[0m13:57:44.767835 [debug] [MainThread]: Flushing usage events
[0m13:57:45.806380 [debug] [MainThread]: An error was encountered while trying to flush usage events
[0m14:15:45.538781 [debug] [MainThread]: Sending event: {'category': 'dbt', 'action': 'invocation', 'label': 'start', 'context': [<snowplow_tracker.self_describing_json.SelfDescribingJson object at 0x00000264BB4CF7D0>, <snowplow_tracker.self_describing_json.SelfDescribingJson object at 0x00000264BB4CE450>, <snowplow_tracker.self_describing_json.SelfDescribingJson object at 0x00000264B9072F00>]}


============================== 14:15:45.549764 | bd9221c4-bc46-4ba3-9c99-911d14e8edd7 ==============================
[0m14:15:45.549764 [info ] [MainThread]: Running with dbt=1.9.2
[0m14:15:45.551760 [debug] [MainThread]: running dbt with arguments {'printer_width': '80', 'indirect_selection': 'eager', 'write_json': 'True', 'log_cache_events': 'False', 'partial_parse': 'True', 'cache_selected_only': 'False', 'profiles_dir': 'C:\\Users\\1268545\\.dbt', 'version_check': 'True', 'fail_fast': 'False', 'log_path': 'logs', 'warn_error': 'None', 'debug': 'False', 'use_colors': 'True', 'use_experimental_parser': 'False', 'empty': 'None', 'quiet': 'False', 'no_print': 'None', 'log_format': 'default', 'invocation_command': 'dbt debug', 'warn_error_options': 'WarnErrorOptions(include=[], exclude=[])', 'introspect': 'True', 'target_path': 'None', 'static_parser': 'True', 'send_anonymous_usage_stats': 'True'}
[0m14:15:45.652480 [info ] [MainThread]: dbt version: 1.9.2
[0m14:15:45.653490 [info ] [MainThread]: python version: 3.12.0
[0m14:15:45.653490 [info ] [MainThread]: python path: C:\Users\1268545\Documents\learning_Data_Engineering\kafka_project\venv\Scripts\python.exe
[0m14:15:45.654487 [info ] [MainThread]: os info: Windows-11-10.0.22631-SP0
[0m14:15:48.623380 [info ] [MainThread]: Using profiles dir at C:\Users\1268545\.dbt
[0m14:15:48.625413 [info ] [MainThread]: Using profiles.yml file at C:\Users\1268545\.dbt\profiles.yml
[0m14:15:48.626437 [info ] [MainThread]: Using dbt_project.yml file at C:\Users\1268545\Documents\dbt_bigquery\dbt_demo\dbt_project.yml
[0m14:15:48.628400 [info ] [MainThread]: adapter type: bigquery
[0m14:15:48.628400 [info ] [MainThread]: adapter version: 1.9.1
[0m14:15:48.630392 [info ] [MainThread]: Configuration:
[0m14:15:48.631388 [info ] [MainThread]:   profiles.yml file [[32mOK found and valid[0m]
[0m14:15:48.632947 [info ] [MainThread]:   dbt_project.yml file [[31mERROR not found[0m]
[0m14:15:48.632947 [info ] [MainThread]: Required dependencies:
[0m14:15:48.635260 [debug] [MainThread]: Executing "git --help"
[0m14:15:48.735111 [debug] [MainThread]: STDOUT: "b"usage: git [-v | --version] [-h | --help] [-C <path>] [-c <name>=<value>]\n           [--exec-path[=<path>]] [--html-path] [--man-path] [--info-path]\n           [-p | --paginate | -P | --no-pager] [--no-replace-objects] [--no-lazy-fetch]\n           [--no-optional-locks] [--no-advice] [--bare] [--git-dir=<path>]\n           [--work-tree=<path>] [--namespace=<name>] [--config-env=<name>=<envvar>]\n           <command> [<args>]\n\nThese are common Git commands used in various situations:\n\nstart a working area (see also: git help tutorial)\n   clone      Clone a repository into a new directory\n   init       Create an empty Git repository or reinitialize an existing one\n\nwork on the current change (see also: git help everyday)\n   add        Add file contents to the index\n   mv         Move or rename a file, a directory, or a symlink\n   restore    Restore working tree files\n   rm         Remove files from the working tree and from the index\n\nexamine the history and state (see also: git help revisions)\n   bisect     Use binary search to find the commit that introduced a bug\n   diff       Show changes between commits, commit and working tree, etc\n   grep       Print lines matching a pattern\n   log        Show commit logs\n   show       Show various types of objects\n   status     Show the working tree status\n\ngrow, mark and tweak your common history\n   backfill   Download missing objects in a partial clone\n   branch     List, create, or delete branches\n   commit     Record changes to the repository\n   merge      Join two or more development histories together\n   rebase     Reapply commits on top of another base tip\n   reset      Reset current HEAD to the specified state\n   switch     Switch branches\n   tag        Create, list, delete or verify a tag object signed with GPG\n\ncollaborate (see also: git help workflows)\n   fetch      Download objects and refs from another repository\n   pull       Fetch from and integrate with another repository or a local branch\n   push       Update remote refs along with associated objects\n\n'git help -a' and 'git help -g' list available subcommands and some\nconcept guides. See 'git help <command>' or 'git help <concept>'\nto read about a specific subcommand or concept.\nSee 'git help git' for an overview of the system.\n""
[0m14:15:48.736116 [debug] [MainThread]: STDERR: "b''"
[0m14:15:48.737116 [info ] [MainThread]:  - git [[32mOK found[0m]

[0m14:15:48.738117 [info ] [MainThread]: Connection:
[0m14:15:48.738117 [info ] [MainThread]:   method: oauth
[0m14:15:48.739124 [info ] [MainThread]:   database: gcp-wow-rwds-ai-mmm-dev
[0m14:15:48.739124 [info ] [MainThread]:   execution_project: gcp-wow-rwds-ai-mmm-dev
[0m14:15:48.740117 [info ] [MainThread]:   schema: shubham
[0m14:15:48.740117 [info ] [MainThread]:   location: US
[0m14:15:48.741115 [info ] [MainThread]:   priority: interactive
[0m14:15:48.741115 [info ] [MainThread]:   maximum_bytes_billed: None
[0m14:15:48.741115 [info ] [MainThread]:   impersonate_service_account: None
[0m14:15:48.742620 [info ] [MainThread]:   job_retry_deadline_seconds: None
[0m14:15:48.743841 [info ] [MainThread]:   job_retries: 1
[0m14:15:48.743841 [info ] [MainThread]:   job_creation_timeout_seconds: None
[0m14:15:48.744846 [info ] [MainThread]:   job_execution_timeout_seconds: 300
[0m14:15:48.745846 [info ] [MainThread]:   timeout_seconds: 300
[0m14:15:48.745846 [info ] [MainThread]:   client_id: None
[0m14:15:48.746846 [info ] [MainThread]:   token_uri: None
[0m14:15:48.748133 [info ] [MainThread]:   dataproc_region: None
[0m14:15:48.749170 [info ] [MainThread]:   dataproc_cluster_name: None
[0m14:15:48.749170 [info ] [MainThread]:   gcs_bucket: None
[0m14:15:48.750157 [info ] [MainThread]:   dataproc_batch: None
[0m14:15:48.751156 [info ] [MainThread]: Registered adapter: bigquery=1.9.1
[0m14:15:49.094268 [debug] [MainThread]: Acquiring new bigquery connection 'debug'
[0m14:15:49.094268 [debug] [MainThread]: On debug: select 1 as id
[0m14:15:49.095383 [debug] [MainThread]: Opening a new connection, currently in state init
[0m14:15:51.303682 [debug] [MainThread]: BigQuery adapter: https://console.cloud.google.com/bigquery?project=gcp-wow-rwds-ai-mmm-dev&j=bq:US:9ab6e7c8-8dd1-400a-820a-af189e51ce74&page=queryresults
[0m14:15:53.602874 [info ] [MainThread]:   Connection test: [[32mOK connection ok[0m]

[0m14:15:53.604835 [info ] [MainThread]: [31m1 check failed:[0m
[0m14:15:53.604835 [info ] [MainThread]: Project loading failed for the following reason:
 project path <C:\Users\1268545\Documents\dbt_bigquery\dbt_demo\dbt_project.yml> not found

[0m14:15:53.607150 [debug] [MainThread]: Command `dbt debug` failed at 14:15:53.607150 after 8.43 seconds
[0m14:15:53.608151 [debug] [MainThread]: Connection 'debug' was properly closed.
[0m14:15:53.609150 [debug] [MainThread]: Sending event: {'category': 'dbt', 'action': 'invocation', 'label': 'end', 'context': [<snowplow_tracker.self_describing_json.SelfDescribingJson object at 0x00000264CDE32BA0>, <snowplow_tracker.self_describing_json.SelfDescribingJson object at 0x00000264B9019520>, <snowplow_tracker.self_describing_json.SelfDescribingJson object at 0x00000264BB9ECA10>]}
[0m14:15:53.609150 [debug] [MainThread]: Flushing usage events
[0m14:15:54.565951 [debug] [MainThread]: An error was encountered while trying to flush usage events
