[0m13:44:05.603633 [debug] [MainThread]: Sending event: {'category': 'dbt', 'action': 'invocation', 'label': 'start', 'context': [<snowplow_tracker.self_describing_json.SelfDescribingJson object at 0x000002BE1CE77830>, <snowplow_tracker.self_describing_json.SelfDescribingJson object at 0x000002BE1FA23D10>, <snowplow_tracker.self_describing_json.SelfDescribingJson object at 0x000002BE1FA21880>]}


============================== 13:44:05.712741 | b6f1a6a0-401c-47af-8311-adca7193f78f ==============================
[0m13:44:05.712741 [info ] [MainThread]: Running with dbt=1.9.2
[0m13:44:05.713749 [debug] [MainThread]: running dbt with arguments {'printer_width': '80', 'indirect_selection': 'eager', 'log_cache_events': 'False', 'write_json': 'True', 'partial_parse': 'True', 'cache_selected_only': 'False', 'warn_error': 'None', 'debug': 'False', 'fail_fast': 'False', 'log_path': 'logs', 'profiles_dir': 'C:\\Users\\1268545\\.dbt', 'version_check': 'True', 'use_colors': 'True', 'use_experimental_parser': 'False', 'no_print': 'None', 'quiet': 'False', 'empty': 'None', 'log_format': 'default', 'static_parser': 'True', 'introspect': 'True', 'invocation_command': 'dbt debug', 'target_path': 'None', 'warn_error_options': 'WarnErrorOptions(include=[], exclude=[])', 'send_anonymous_usage_stats': 'True'}
[0m13:44:06.671392 [info ] [MainThread]: dbt version: 1.9.2
[0m13:44:06.672378 [info ] [MainThread]: python version: 3.12.0
[0m13:44:06.673397 [info ] [MainThread]: python path: C:\Users\1268545\Documents\learning_Data_Engineering\kafka_project\venv\Scripts\python.exe
[0m13:44:06.674376 [info ] [MainThread]: os info: Windows-11-10.0.22631-SP0
[0m13:44:36.391359 [info ] [MainThread]: Using profiles dir at C:\Users\1268545\.dbt
[0m13:44:36.391359 [info ] [MainThread]: Using profiles.yml file at C:\Users\1268545\.dbt\profiles.yml
[0m13:44:36.405870 [info ] [MainThread]: Using dbt_project.yml file at C:\Users\1268545\Documents\dbt_bigquery\pde-reporting\dbt_project.yml
[0m13:44:36.405870 [info ] [MainThread]: adapter type: bigquery
[0m13:44:36.405870 [info ] [MainThread]: adapter version: 1.9.1
[0m13:44:36.405870 [info ] [MainThread]: Configuration:
[0m13:44:36.405870 [info ] [MainThread]:   profiles.yml file [[32mOK found and valid[0m]
[0m13:44:36.411249 [info ] [MainThread]:   dbt_project.yml file [[31mERROR not found[0m]
[0m13:44:36.412260 [info ] [MainThread]: Required dependencies:
[0m13:44:36.413181 [debug] [MainThread]: Executing "git --help"
[0m13:44:36.589809 [debug] [MainThread]: STDOUT: "b"usage: git [-v | --version] [-h | --help] [-C <path>] [-c <name>=<value>]\n           [--exec-path[=<path>]] [--html-path] [--man-path] [--info-path]\n           [-p | --paginate | -P | --no-pager] [--no-replace-objects] [--no-lazy-fetch]\n           [--no-optional-locks] [--no-advice] [--bare] [--git-dir=<path>]\n           [--work-tree=<path>] [--namespace=<name>] [--config-env=<name>=<envvar>]\n           <command> [<args>]\n\nThese are common Git commands used in various situations:\n\nstart a working area (see also: git help tutorial)\n   clone      Clone a repository into a new directory\n   init       Create an empty Git repository or reinitialize an existing one\n\nwork on the current change (see also: git help everyday)\n   add        Add file contents to the index\n   mv         Move or rename a file, a directory, or a symlink\n   restore    Restore working tree files\n   rm         Remove files from the working tree and from the index\n\nexamine the history and state (see also: git help revisions)\n   bisect     Use binary search to find the commit that introduced a bug\n   diff       Show changes between commits, commit and working tree, etc\n   grep       Print lines matching a pattern\n   log        Show commit logs\n   show       Show various types of objects\n   status     Show the working tree status\n\ngrow, mark and tweak your common history\n   backfill   Download missing objects in a partial clone\n   branch     List, create, or delete branches\n   commit     Record changes to the repository\n   merge      Join two or more development histories together\n   rebase     Reapply commits on top of another base tip\n   reset      Reset current HEAD to the specified state\n   switch     Switch branches\n   tag        Create, list, delete or verify a tag object signed with GPG\n\ncollaborate (see also: git help workflows)\n   fetch      Download objects and refs from another repository\n   pull       Fetch from and integrate with another repository or a local branch\n   push       Update remote refs along with associated objects\n\n'git help -a' and 'git help -g' list available subcommands and some\nconcept guides. See 'git help <command>' or 'git help <concept>'\nto read about a specific subcommand or concept.\nSee 'git help git' for an overview of the system.\n""
[0m13:44:36.589809 [debug] [MainThread]: STDERR: "b''"
[0m13:44:36.589809 [info ] [MainThread]:  - git [[32mOK found[0m]

[0m13:44:36.605412 [info ] [MainThread]: Connection:
[0m13:44:36.605412 [info ] [MainThread]:   method: oauth
[0m13:44:36.605412 [info ] [MainThread]:   database: dbttest-44321
[0m13:44:36.605412 [info ] [MainThread]:   execution_project: dbttest-44321
[0m13:44:36.605412 [info ] [MainThread]:   schema: shubham
[0m13:44:36.611597 [info ] [MainThread]:   location: US
[0m13:44:36.612610 [info ] [MainThread]:   priority: interactive
[0m13:44:36.613609 [info ] [MainThread]:   maximum_bytes_billed: None
[0m13:44:36.615204 [info ] [MainThread]:   impersonate_service_account: None
[0m13:44:36.616213 [info ] [MainThread]:   job_retry_deadline_seconds: None
[0m13:44:36.617213 [info ] [MainThread]:   job_retries: 1
[0m13:44:36.619395 [info ] [MainThread]:   job_creation_timeout_seconds: None
[0m13:44:36.620874 [info ] [MainThread]:   job_execution_timeout_seconds: 300
[0m13:44:36.622090 [info ] [MainThread]:   timeout_seconds: 300
[0m13:44:36.623091 [info ] [MainThread]:   client_id: None
[0m13:44:36.624605 [info ] [MainThread]:   token_uri: None
[0m13:44:36.625614 [info ] [MainThread]:   dataproc_region: None
[0m13:44:36.626613 [info ] [MainThread]:   dataproc_cluster_name: None
[0m13:44:36.627622 [info ] [MainThread]:   gcs_bucket: None
[0m13:44:36.629614 [info ] [MainThread]:   dataproc_batch: None
[0m13:44:36.630613 [info ] [MainThread]: Registered adapter: bigquery=1.9.1
[0m13:44:37.351356 [debug] [MainThread]: Acquiring new bigquery connection 'debug'
[0m13:44:37.357251 [debug] [MainThread]: On debug: select 1 as id
[0m13:44:37.357885 [debug] [MainThread]: Opening a new connection, currently in state init
[0m13:44:42.492545 [debug] [MainThread]: BigQuery adapter: https://console.cloud.google.com/bigquery?project=dbttest-44321&j=bq:US:8784fa92-37a7-47ac-968d-6114f88568db&page=queryresults
[0m13:44:44.711304 [info ] [MainThread]:   Connection test: [[32mOK connection ok[0m]

[0m13:44:44.711304 [info ] [MainThread]: [31m1 check failed:[0m
[0m13:44:44.711304 [info ] [MainThread]: Project loading failed for the following reason:
 project path <C:\Users\1268545\Documents\dbt_bigquery\pde-reporting\dbt_project.yml> not found

[0m13:44:44.711304 [debug] [MainThread]: Command `dbt debug` failed at 13:44:44.711304 after 39.40 seconds
[0m13:44:44.726833 [debug] [MainThread]: Connection 'debug' was properly closed.
[0m13:44:44.726833 [debug] [MainThread]: Sending event: {'category': 'dbt', 'action': 'invocation', 'label': 'end', 'context': [<snowplow_tracker.self_describing_json.SelfDescribingJson object at 0x000002BE1FADC9B0>, <snowplow_tracker.self_describing_json.SelfDescribingJson object at 0x000002BE1F074E30>, <snowplow_tracker.self_describing_json.SelfDescribingJson object at 0x000002BE1F075700>]}
[0m13:44:44.726833 [debug] [MainThread]: Flushing usage events
[0m13:44:45.804648 [debug] [MainThread]: An error was encountered while trying to flush usage events
[0m13:45:35.600008 [debug] [MainThread]: Sending event: {'category': 'dbt', 'action': 'invocation', 'label': 'start', 'context': [<snowplow_tracker.self_describing_json.SelfDescribingJson object at 0x00000262CBF55490>, <snowplow_tracker.self_describing_json.SelfDescribingJson object at 0x00000262CE260920>, <snowplow_tracker.self_describing_json.SelfDescribingJson object at 0x00000262CE685AC0>]}


============================== 13:45:35.604576 | a68f063a-3dfc-4bd4-ad22-b1327edc2013 ==============================
[0m13:45:35.604576 [info ] [MainThread]: Running with dbt=1.9.2
[0m13:45:35.604576 [debug] [MainThread]: running dbt with arguments {'printer_width': '80', 'indirect_selection': 'eager', 'log_cache_events': 'False', 'write_json': 'True', 'partial_parse': 'True', 'cache_selected_only': 'False', 'warn_error': 'None', 'fail_fast': 'False', 'profiles_dir': 'C:\\Users\\1268545\\.dbt', 'log_path': 'logs', 'debug': 'False', 'version_check': 'True', 'use_colors': 'True', 'use_experimental_parser': 'False', 'empty': 'None', 'quiet': 'False', 'no_print': 'None', 'log_format': 'default', 'static_parser': 'True', 'warn_error_options': 'WarnErrorOptions(include=[], exclude=[])', 'invocation_command': 'dbt init', 'target_path': 'None', 'introspect': 'True', 'send_anonymous_usage_stats': 'True'}
[0m13:46:20.640211 [debug] [MainThread]: Starter project path: C:\Users\1268545\Documents\learning_Data_Engineering\kafka_project\venv\Lib\site-packages\dbt\include\starter_project
[0m13:46:20.806018 [info ] [MainThread]:
Your new dbt project "pde_reporting" was created!

For more information on how to configure the profiles.yml file,
please consult the dbt documentation here:

  https://docs.getdbt.com/docs/configure-your-profile

One more thing:

Need help? Don't hesitate to reach out to us via GitHub issues or on Slack:

  https://community.getdbt.com/

Happy modeling!

[0m13:46:20.806018 [info ] [MainThread]: Setting up your profile.
[0m13:48:06.475890 [info ] [MainThread]: Profile pde_reporting written to C:\Users\1268545\.dbt\profiles.yml using target's profile_template.yml and your supplied values. Run 'dbt debug' to validate the connection.
[0m13:48:06.481540 [debug] [MainThread]: Command `dbt init` succeeded at 13:48:06.481540 after 151.15 seconds
[0m13:48:06.482554 [debug] [MainThread]: Sending event: {'category': 'dbt', 'action': 'invocation', 'label': 'end', 'context': [<snowplow_tracker.self_describing_json.SelfDescribingJson object at 0x00000262CEB208F0>, <snowplow_tracker.self_describing_json.SelfDescribingJson object at 0x00000262CECED7C0>, <snowplow_tracker.self_describing_json.SelfDescribingJson object at 0x00000262E103E240>]}
[0m13:48:06.483549 [debug] [MainThread]: Flushing usage events
[0m13:48:07.488802 [debug] [MainThread]: An error was encountered while trying to flush usage events
[0m13:48:40.837143 [debug] [MainThread]: Sending event: {'category': 'dbt', 'action': 'invocation', 'label': 'start', 'context': [<snowplow_tracker.self_describing_json.SelfDescribingJson object at 0x000001F8E82B33E0>, <snowplow_tracker.self_describing_json.SelfDescribingJson object at 0x000001F8E82B3410>, <snowplow_tracker.self_describing_json.SelfDescribingJson object at 0x000001F8E82B3440>]}


============================== 13:48:40.850258 | 33d30c81-bc49-4be0-8595-1bd7593b7b68 ==============================
[0m13:48:40.850258 [info ] [MainThread]: Running with dbt=1.9.2
[0m13:48:40.852445 [debug] [MainThread]: running dbt with arguments {'printer_width': '80', 'indirect_selection': 'eager', 'log_cache_events': 'False', 'write_json': 'True', 'partial_parse': 'True', 'cache_selected_only': 'False', 'profiles_dir': 'C:\\Users\\1268545\\.dbt', 'fail_fast': 'False', 'version_check': 'True', 'log_path': 'logs', 'debug': 'False', 'warn_error': 'None', 'use_colors': 'True', 'use_experimental_parser': 'False', 'empty': 'None', 'quiet': 'False', 'no_print': 'None', 'log_format': 'default', 'invocation_command': 'dbt debug', 'static_parser': 'True', 'warn_error_options': 'WarnErrorOptions(include=[], exclude=[])', 'target_path': 'None', 'introspect': 'True', 'send_anonymous_usage_stats': 'True'}
[0m13:48:41.044185 [info ] [MainThread]: dbt version: 1.9.2
[0m13:48:41.047701 [info ] [MainThread]: python version: 3.12.0
[0m13:48:41.048710 [info ] [MainThread]: python path: C:\Users\1268545\Documents\learning_Data_Engineering\kafka_project\venv\Scripts\python.exe
[0m13:48:41.050708 [info ] [MainThread]: os info: Windows-11-10.0.22631-SP0
[0m13:48:44.313570 [info ] [MainThread]: Using profiles dir at C:\Users\1268545\.dbt
[0m13:48:44.313570 [info ] [MainThread]: Using profiles.yml file at C:\Users\1268545\.dbt\profiles.yml
[0m13:48:44.313570 [info ] [MainThread]: Using dbt_project.yml file at C:\Users\1268545\Documents\dbt_bigquery\pde-reporting\dbt_project.yml
[0m13:48:44.313570 [error] [MainThread]: Encountered an error:
Internal Error
  Profile should not be None if loading profile completed
[0m13:48:44.313570 [debug] [MainThread]: Command `dbt debug` failed at 13:48:44.313570 after 3.89 seconds
[0m13:48:44.313570 [debug] [MainThread]: Sending event: {'category': 'dbt', 'action': 'invocation', 'label': 'end', 'context': [<snowplow_tracker.self_describing_json.SelfDescribingJson object at 0x000001F8E5772D20>, <snowplow_tracker.self_describing_json.SelfDescribingJson object at 0x000001F8F9E4AA50>, <snowplow_tracker.self_describing_json.SelfDescribingJson object at 0x000001F8F9640470>]}
[0m13:48:44.313570 [debug] [MainThread]: Flushing usage events
[0m13:48:45.275250 [debug] [MainThread]: An error was encountered while trying to flush usage events
[0m17:23:33.710707 [debug] [MainThread]: Sending event: {'category': 'dbt', 'action': 'invocation', 'label': 'start', 'context': [<snowplow_tracker.self_describing_json.SelfDescribingJson object at 0x000001CA21365430>, <snowplow_tracker.self_describing_json.SelfDescribingJson object at 0x000001CA2126E930>, <snowplow_tracker.self_describing_json.SelfDescribingJson object at 0x000001CA217CE180>]}


============================== 17:23:33.710707 | 40ff89e8-17eb-4560-ae6a-43c6a3664ab8 ==============================
[0m17:23:33.710707 [info ] [MainThread]: Running with dbt=1.9.2
[0m17:23:33.710707 [debug] [MainThread]: running dbt with arguments {'printer_width': '80', 'indirect_selection': 'eager', 'write_json': 'True', 'log_cache_events': 'False', 'partial_parse': 'True', 'cache_selected_only': 'False', 'profiles_dir': 'C:\\Users\\1268545\\.dbt', 'version_check': 'True', 'warn_error': 'None', 'log_path': 'logs', 'fail_fast': 'False', 'debug': 'False', 'use_colors': 'True', 'use_experimental_parser': 'False', 'no_print': 'None', 'quiet': 'False', 'empty': 'None', 'warn_error_options': 'WarnErrorOptions(include=[], exclude=[])', 'static_parser': 'True', 'introspect': 'True', 'invocation_command': 'dbt debug', 'target_path': 'None', 'log_format': 'default', 'send_anonymous_usage_stats': 'True'}
[0m17:23:33.819253 [info ] [MainThread]: dbt version: 1.9.2
[0m17:23:33.819253 [info ] [MainThread]: python version: 3.12.0
[0m17:23:33.819253 [info ] [MainThread]: python path: C:\Users\1268545\Documents\learning_Data_Engineering\kafka_project\venv\Scripts\python.exe
[0m17:23:33.819253 [info ] [MainThread]: os info: Windows-11-10.0.22631-SP0
[0m17:23:36.347156 [info ] [MainThread]: Using profiles dir at C:\Users\1268545\.dbt
[0m17:23:36.347156 [info ] [MainThread]: Using profiles.yml file at C:\Users\1268545\.dbt\profiles.yml
[0m17:23:36.347156 [info ] [MainThread]: Using dbt_project.yml file at C:\Users\1268545\Documents\dbt_bigquery\pde-reporting\dbt_project.yml
[0m17:23:36.347156 [info ] [MainThread]: adapter type: bigquery
[0m17:23:36.347156 [info ] [MainThread]: adapter version: 1.9.1
[0m17:23:36.347156 [info ] [MainThread]: Configuration:
[0m17:23:36.347156 [info ] [MainThread]:   profiles.yml file [[32mOK found and valid[0m]
[0m17:23:36.347156 [info ] [MainThread]:   dbt_project.yml file [[31mERROR not found[0m]
[0m17:23:36.362765 [info ] [MainThread]: Required dependencies:
[0m17:23:36.362765 [debug] [MainThread]: Executing "git --help"
[0m17:23:36.448170 [debug] [MainThread]: STDOUT: "b"usage: git [-v | --version] [-h | --help] [-C <path>] [-c <name>=<value>]\n           [--exec-path[=<path>]] [--html-path] [--man-path] [--info-path]\n           [-p | --paginate | -P | --no-pager] [--no-replace-objects] [--no-lazy-fetch]\n           [--no-optional-locks] [--no-advice] [--bare] [--git-dir=<path>]\n           [--work-tree=<path>] [--namespace=<name>] [--config-env=<name>=<envvar>]\n           <command> [<args>]\n\nThese are common Git commands used in various situations:\n\nstart a working area (see also: git help tutorial)\n   clone      Clone a repository into a new directory\n   init       Create an empty Git repository or reinitialize an existing one\n\nwork on the current change (see also: git help everyday)\n   add        Add file contents to the index\n   mv         Move or rename a file, a directory, or a symlink\n   restore    Restore working tree files\n   rm         Remove files from the working tree and from the index\n\nexamine the history and state (see also: git help revisions)\n   bisect     Use binary search to find the commit that introduced a bug\n   diff       Show changes between commits, commit and working tree, etc\n   grep       Print lines matching a pattern\n   log        Show commit logs\n   show       Show various types of objects\n   status     Show the working tree status\n\ngrow, mark and tweak your common history\n   backfill   Download missing objects in a partial clone\n   branch     List, create, or delete branches\n   commit     Record changes to the repository\n   merge      Join two or more development histories together\n   rebase     Reapply commits on top of another base tip\n   reset      Reset current HEAD to the specified state\n   switch     Switch branches\n   tag        Create, list, delete or verify a tag object signed with GPG\n\ncollaborate (see also: git help workflows)\n   fetch      Download objects and refs from another repository\n   pull       Fetch from and integrate with another repository or a local branch\n   push       Update remote refs along with associated objects\n\n'git help -a' and 'git help -g' list available subcommands and some\nconcept guides. See 'git help <command>' or 'git help <concept>'\nto read about a specific subcommand or concept.\nSee 'git help git' for an overview of the system.\n""
[0m17:23:36.448170 [debug] [MainThread]: STDERR: "b''"
[0m17:23:36.449179 [info ] [MainThread]:  - git [[32mOK found[0m]

[0m17:23:36.449179 [info ] [MainThread]: Connection:
[0m17:23:36.450849 [info ] [MainThread]:   method: oauth
[0m17:23:36.450849 [info ] [MainThread]:   database: gcp-wow-rwds-ai-mmm-dev
[0m17:23:36.451893 [info ] [MainThread]:   execution_project: gcp-wow-rwds-ai-mmm-dev
[0m17:23:36.451893 [info ] [MainThread]:   schema: shubham
[0m17:23:36.452898 [info ] [MainThread]:   location: US
[0m17:23:36.452898 [info ] [MainThread]:   priority: interactive
[0m17:23:36.453890 [info ] [MainThread]:   maximum_bytes_billed: None
[0m17:23:36.453890 [info ] [MainThread]:   impersonate_service_account: None
[0m17:23:36.455081 [info ] [MainThread]:   job_retry_deadline_seconds: None
[0m17:23:36.456090 [info ] [MainThread]:   job_retries: 1
[0m17:23:36.456090 [info ] [MainThread]:   job_creation_timeout_seconds: None
[0m17:23:36.457101 [info ] [MainThread]:   job_execution_timeout_seconds: 300
[0m17:23:36.457836 [info ] [MainThread]:   timeout_seconds: 300
[0m17:23:36.458842 [info ] [MainThread]:   client_id: None
[0m17:23:36.459081 [info ] [MainThread]:   token_uri: None
[0m17:23:36.460087 [info ] [MainThread]:   dataproc_region: None
[0m17:23:36.460460 [info ] [MainThread]:   dataproc_cluster_name: None
[0m17:23:36.461462 [info ] [MainThread]:   gcs_bucket: None
[0m17:23:36.461462 [info ] [MainThread]:   dataproc_batch: None
[0m17:23:36.462461 [info ] [MainThread]: Registered adapter: bigquery=1.9.1
[0m17:23:36.725154 [debug] [MainThread]: Acquiring new bigquery connection 'debug'
[0m17:23:36.725154 [debug] [MainThread]: On debug: select 1 as id
[0m17:23:36.725154 [debug] [MainThread]: Opening a new connection, currently in state init
[0m17:23:40.550549 [debug] [MainThread]: BigQuery adapter: https://console.cloud.google.com/bigquery?project=gcp-wow-rwds-ai-mmm-dev&j=bq:US:6318cbaa-747b-48cd-95bd-764df0581281&page=queryresults
[0m17:23:42.268837 [info ] [MainThread]:   Connection test: [[32mOK connection ok[0m]

[0m17:23:42.268837 [info ] [MainThread]: [31m1 check failed:[0m
[0m17:23:42.270311 [info ] [MainThread]: Project loading failed for the following reason:
 project path <C:\Users\1268545\Documents\dbt_bigquery\pde-reporting\dbt_project.yml> not found

[0m17:23:42.271790 [debug] [MainThread]: Command `dbt debug` failed at 17:23:42.271790 after 8.72 seconds
[0m17:23:42.272797 [debug] [MainThread]: Connection 'debug' was properly closed.
[0m17:23:42.272797 [debug] [MainThread]: Sending event: {'category': 'dbt', 'action': 'invocation', 'label': 'end', 'context': [<snowplow_tracker.self_describing_json.SelfDescribingJson object at 0x000001CA36433FB0>, <snowplow_tracker.self_describing_json.SelfDescribingJson object at 0x000001CA23546C90>, <snowplow_tracker.self_describing_json.SelfDescribingJson object at 0x000001CA235447A0>]}
[0m17:23:42.273795 [debug] [MainThread]: Flushing usage events
[0m17:23:43.298297 [debug] [MainThread]: An error was encountered while trying to flush usage events
